seed 100 done
seed 101 done
seed 102 done
seed 103 done
seed 104 done
seed 105 done
seed 106 done
seed 107 done
cap=0 noskill  mean_succ=0.562 lib=0.0
cap=0 ungated  mean_succ=0.969 lib=4.0
cap=0 gated    mean_succ=0.969 lib=4.0
cap=1 noskill  mean_succ=0.562 lib=0.0
cap=1 ungated  mean_succ=0.562 lib=8.0
cap=1 gated    mean_succ=0.969 lib=4.0
cap=2 noskill  mean_succ=0.562 lib=0.0
cap=2 ungated  mean_succ=0.312 lib=12.0
cap=2 gated    mean_succ=0.969 lib=4.0
cap=4 noskill  mean_succ=0.562 lib=0.0
cap=4 ungated  mean_succ=0.094 lib=20.0
cap=4 gated    mean_succ=0.969 lib=4.0
cap=8 noskill  mean_succ=0.562 lib=0.0
cap=8 ungated  mean_succ=0.031 lib=36.0
cap=8 gated    mean_succ=0.969 lib=4.0

  cap  noskill  ungated   gated   Δ(ga-un)    g     p(ga>un)
    0  0.562    0.969    0.969   +0.000   +0.00  1.000
    1  0.562    0.562    0.969   +0.406   +3.73  0.004
    2  0.562    0.312    0.969   +0.656   +4.44  0.004
    4  0.562    0.094    0.969   +0.875   +7.47  0.004
    8  0.562    0.031    0.969   +0.938   +10.03  0.004

  TREND Spearman(cap, Δ) = +1.000 (p=0.000)

  Saved results/r4.pkl
