
── BOCPD ──
  ▶ Skill crystallised at ep 182. Run _validate_skill() with eval_env to confirm.
    Success trajectories in P1: 38
  seed= 0 cryst_ep= 182 Qz=0.43 P3=+0.914 P2=+0.397
  ▶ Skill crystallised at ep 113. Run _validate_skill() with eval_env to confirm.
    Success trajectories in P1: 22
  seed= 1 cryst_ep= 113 Qz=0.47 P3=+1.112 P2=-0.158
  ▶ Skill crystallised at ep 188. Run _validate_skill() with eval_env to confirm.
    Success trajectories in P1: 50
  seed= 2 cryst_ep= 188 Qz=0.47 P3=+0.792 P2=+0.073
  ▶ Skill crystallised at ep 107. Run _validate_skill() with eval_env to confirm.
    Success trajectories in P1: 10
  seed= 3 cryst_ep= 107 Qz=0.10 P3=+0.350 P2=+0.163
  ▶ Skill crystallised at ep 113. Run _validate_skill() with eval_env to confirm.
    Success trajectories in P1: 14
  seed= 4 cryst_ep= 113 Qz=0.13 P3=+0.042 P2=+0.111
  ▶ Skill crystallised at ep 78. Run _validate_skill() with eval_env to confirm.
    Success trajectories in P1: 12
  seed= 5 cryst_ep=  78 Qz=0.33 P3=+0.906 P2=-0.153
  ▶ Skill crystallised at ep 63. Run _validate_skill() with eval_env to confirm.
    Success trajectories in P1: 9
  seed= 6 cryst_ep=  63 Qz=0.17 P3=+0.849 P2=+0.273
  ▶ Skill crystallised at ep 84. Run _validate_skill() with eval_env to confirm.
    Success trajectories in P1: 12
  seed= 7 cryst_ep=  84 Qz=0.07 P3=+0.101 P2=+0.398
  ▶ Skill crystallised at ep 106. Run _validate_skill() with eval_env to confirm.
    Success trajectories in P1: 18
  seed= 8 cryst_ep= 106 Qz=0.50 P3=-0.111 P2=-0.158
  ▶ Skill crystallised at ep 171. Run _validate_skill() with eval_env to confirm.
    Success trajectories in P1: 45
  seed= 9 cryst_ep= 171 Qz=0.50 P3=+1.010 P2=-0.127
  ▶ Skill crystallised at ep 97. Run _validate_skill() with eval_env to confirm.
    Success trajectories in P1: 14
  seed=10 cryst_ep=  97 Qz=0.07 P3=+0.045 P2=+0.375
  ▶ Skill crystallised at ep 99. Run _validate_skill() with eval_env to confirm.
    Success trajectories in P1: 13
  seed=11 cryst_ep=  99 Qz=0.20 P3=+0.075 P2=+0.398
  ▶ Skill crystallised at ep 82. Run _validate_skill() with eval_env to confirm.
    Success trajectories in P1: 11
  seed=12 cryst_ep=  82 Qz=0.03 P3=+0.177 P2=+0.289
  ▶ Skill crystallised at ep 103. Run _validate_skill() with eval_env to confirm.
    Success trajectories in P1: 14
  seed=13 cryst_ep= 103 Qz=0.30 P3=+1.005 P2=-0.120
  ▶ Skill crystallised at ep 67. Run _validate_skill() with eval_env to confirm.
    Success trajectories in P1: 10
  seed=14 cryst_ep=  67 Qz=0.27 P3=+1.300 P2=+0.400
  ▶ Skill crystallised at ep 149. Run _validate_skill() with eval_env to confirm.
    Success trajectories in P1: 30
  seed=15 cryst_ep= 149 Qz=0.33 P3=+0.906 P2=-0.214
  ▶ Skill crystallised at ep 213. Run _validate_skill() with eval_env to confirm.
    Success trajectories in P1: 47
  seed=16 cryst_ep= 213 Qz=0.67 P3=+0.779 P2=-0.103
  ▶ Skill crystallised at ep 75. Run _validate_skill() with eval_env to confirm.
    Success trajectories in P1: 17
  seed=17 cryst_ep=  75 Qz=0.23 P3=+0.950 P2=+0.426
  ▶ Skill crystallised at ep 235. Run _validate_skill() with eval_env to confirm.
    Success trajectories in P1: 53
  seed=18 cryst_ep= 235 Qz=0.37 P3=+0.638 P2=+0.137
  ▶ Skill crystallised at ep 88. Run _validate_skill() with eval_env to confirm.
    Success trajectories in P1: 14
  seed=19 cryst_ep=  88 Qz=0.20 P3=+0.109 P2=+0.398
  ▶ Skill crystallised at ep 78. Run _validate_skill() with eval_env to confirm.
    Success trajectories in P1: 8
  seed=20 cryst_ep=  78 Qz=0.20 P3=+0.147 P2=+0.270
  ▶ Skill crystallised at ep 65. Run _validate_skill() with eval_env to confirm.
    Success trajectories in P1: 7
  seed=21 cryst_ep=  65 Qz=0.13 P3=+0.038 P2=+0.393
  ▶ Skill crystallised at ep 207. Run _validate_skill() with eval_env to confirm.
    Success trajectories in P1: 45
  seed=22 cryst_ep= 207 Qz=0.50 P3=+1.096 P2=-0.116
  ▶ Skill crystallised at ep 112. Run _validate_skill() with eval_env to confirm.
    Success trajectories in P1: 22
  seed=23 cryst_ep= 112 Qz=0.23 P3=+0.887 P2=+0.394
  ▶ Skill crystallised at ep 149. Run _validate_skill() with eval_env to confirm.
    Success trajectories in P1: 16
  seed=24 cryst_ep= 149 Qz=0.33 P3=+0.813 P2=-0.132
  ▶ Skill crystallised at ep 100. Run _validate_skill() with eval_env to confirm.
    Success trajectories in P1: 21
  seed=25 cryst_ep= 100 Qz=0.27 P3=+1.443 P2=+0.128
  ▶ Skill crystallised at ep 140. Run _validate_skill() with eval_env to confirm.
    Success trajectories in P1: 11
  seed=26 cryst_ep= 140 Qz=0.17 P3=+0.192 P2=+0.251
  ▶ Skill crystallised at ep 67. Run _validate_skill() with eval_env to confirm.
    Success trajectories in P1: 17
  seed=27 cryst_ep=  67 Qz=0.27 P3=+0.378 P2=+0.398
  ▶ Skill crystallised at ep 104. Run _validate_skill() with eval_env to confirm.
    Success trajectories in P1: 20
  seed=28 cryst_ep= 104 Qz=0.27 P3=+0.349 P2=+0.391
  ▶ Skill crystallised at ep 104. Run _validate_skill() with eval_env to confirm.
    Success trajectories in P1: 17
  seed=29 cryst_ep= 104 Qz=0.33 P3=+0.878 P2=+0.385

── Heuristic ──
  ▶ Skill crystallised at ep 217. Run _validate_skill() with eval_env to confirm.
    Success trajectories in P1: 52
  seed= 0 cryst_ep= 217 Qz=0.47 P3=+1.277 P2=-0.157
  ▶ Skill crystallised at ep 206. Run _validate_skill() with eval_env to confirm.
    Success trajectories in P1: 70
  seed= 1 cryst_ep= 206 Qz=0.67 P3=+0.529 P2=-0.130
  ▶ Skill crystallised at ep 234. Run _validate_skill() with eval_env to confirm.
    Success trajectories in P1: 67
  seed= 2 cryst_ep= 234 Qz=0.63 P3=+0.115 P2=-0.166
  ▶ Skill crystallised at ep 176. Run _validate_skill() with eval_env to confirm.
    Success trajectories in P1: 37
  seed= 3 cryst_ep= 176 Qz=0.50 P3=+0.700 P2=-0.143
  ▶ Skill crystallised at ep 227. Run _validate_skill() with eval_env to confirm.
    Success trajectories in P1: 56
  seed= 4 cryst_ep= 227 Qz=0.63 P3=+0.725 P2=-0.050
  ▶ Skill crystallised at ep 183. Run _validate_skill() with eval_env to confirm.
    Success trajectories in P1: 45
  seed= 5 cryst_ep= 183 Qz=0.37 P3=+0.900 P2=-0.126
  ▶ Skill crystallised at ep 185. Run _validate_skill() with eval_env to confirm.
    Success trajectories in P1: 39
  seed= 6 cryst_ep= 185 Qz=0.17 P3=-0.086 P2=-0.054
  ▶ Skill crystallised at ep 490. Run _validate_skill() with eval_env to confirm.
    Success trajectories in P1: 107
  seed= 7 cryst_ep= 490 Qz=0.60 P3=+0.937 P2=+0.356
  ▶ Skill crystallised at ep 123. Run _validate_skill() with eval_env to confirm.
    Success trajectories in P1: 25
  seed= 8 cryst_ep= 123 Qz=0.33 P3=+0.105 P2=-0.112
  ▶ Skill crystallised at ep 273. Run _validate_skill() with eval_env to confirm.
    Success trajectories in P1: 92
  seed= 9 cryst_ep= 273 Qz=0.80 P3=-0.136 P2=+0.261
  ▶ Skill crystallised at ep 222. Run _validate_skill() with eval_env to confirm.
    Success trajectories in P1: 61
  seed=10 cryst_ep= 222 Qz=0.57 P3=+1.028 P2=+0.369
  ▶ Skill crystallised at ep 256. Run _validate_skill() with eval_env to confirm.
    Success trajectories in P1: 71
  seed=11 cryst_ep= 256 Qz=0.53 P3=+1.373 P2=-0.163
  ▶ Skill crystallised at ep 222. Run _validate_skill() with eval_env to confirm.
    Success trajectories in P1: 42
  seed=12 cryst_ep= 222 Qz=0.43 P3=+1.078 P2=+0.276
  ▶ Skill crystallised at ep 197. Run _validate_skill() with eval_env to confirm.
    Success trajectories in P1: 43
  seed=13 cryst_ep= 197 Qz=0.50 P3=+0.752 P2=-0.341
  ▶ Skill crystallised at ep 206. Run _validate_skill() with eval_env to confirm.
    Success trajectories in P1: 66
  seed=14 cryst_ep= 206 Qz=0.70 P3=+1.039 P2=-0.059
  ▶ Skill crystallised at ep 252. Run _validate_skill() with eval_env to confirm.
    Success trajectories in P1: 82
  seed=15 cryst_ep= 252 Qz=0.50 P3=+0.092 P2=+0.031
  ▶ Skill crystallised at ep 212. Run _validate_skill() with eval_env to confirm.
    Success trajectories in P1: 46
  seed=16 cryst_ep= 212 Qz=0.50 P3=+0.695 P2=-0.067
  ▶ Skill crystallised at ep 246. Run _validate_skill() with eval_env to confirm.
    Success trajectories in P1: 77
  seed=17 cryst_ep= 246 Qz=0.50 P3=+0.035 P2=-0.297
  ▶ Skill crystallised at ep 266. Run _validate_skill() with eval_env to confirm.
    Success trajectories in P1: 72
  seed=18 cryst_ep= 266 Qz=0.53 P3=+1.294 P2=+0.165
  ▶ Skill crystallised at ep 289. Run _validate_skill() with eval_env to confirm.
    Success trajectories in P1: 113
  seed=19 cryst_ep= 289 Qz=0.70 P3=+0.843 P2=-0.046
  ▶ Skill crystallised at ep 218. Run _validate_skill() with eval_env to confirm.
    Success trajectories in P1: 56
  seed=20 cryst_ep= 218 Qz=0.57 P3=+1.027 P2=-0.206
  ▶ Skill crystallised at ep 472. Run _validate_skill() with eval_env to confirm.
    Success trajectories in P1: 99
  seed=21 cryst_ep= 472 Qz=0.73 P3=+0.597 P2=+0.371
  ▶ Skill crystallised at ep 213. Run _validate_skill() with eval_env to confirm.
    Success trajectories in P1: 51
  seed=22 cryst_ep= 213 Qz=0.70 P3=+0.854 P2=-0.181
  ▶ Skill crystallised at ep 263. Run _validate_skill() with eval_env to confirm.
    Success trajectories in P1: 95
  seed=23 cryst_ep= 263 Qz=0.77 P3=+1.062 P2=+0.157
  ▶ Skill crystallised at ep 218. Run _validate_skill() with eval_env to confirm.
    Success trajectories in P1: 37
  seed=24 cryst_ep= 218 Qz=0.50 P3=+0.835 P2=+0.272
  ▶ Skill crystallised at ep 237. Run _validate_skill() with eval_env to confirm.
    Success trajectories in P1: 91
  seed=25 cryst_ep= 237 Qz=0.87 P3=+0.335 P2=+0.133
  ▶ Skill crystallised at ep 270. Run _validate_skill() with eval_env to confirm.
    Success trajectories in P1: 69
  seed=26 cryst_ep= 270 Qz=0.40 P3=+0.164 P2=-0.063
  ▶ Skill crystallised at ep 489. Run _validate_skill() with eval_env to confirm.
    Success trajectories in P1: 136
  seed=27 cryst_ep= 489 Qz=0.53 P3=+0.731 P2=+0.391
  ▶ Skill crystallised at ep 266. Run _validate_skill() with eval_env to confirm.
    Success trajectories in P1: 74
  seed=28 cryst_ep= 266 Qz=0.73 P3=+1.194 P2=+0.056
  ▶ Skill crystallised at ep 156. Run _validate_skill() with eval_env to confirm.
    Success trajectories in P1: 33
  seed=29 cryst_ep= 156 Qz=0.30 P3=+0.891 P2=+0.191

── RandomLate ──
  ▶ Skill crystallised at ep 101. Run _validate_skill() with eval_env to confirm.
    Success trajectories in P1: 13
  seed= 0 cryst_ep= 101 Qz=0.27 P3=+0.593 P2=+0.398
  ▶ Skill crystallised at ep 236. Run _validate_skill() with eval_env to confirm.
    Success trajectories in P1: 87
  seed= 1 cryst_ep= 236 Qz=0.70 P3=+0.820 P2=+0.016
  ▶ Skill crystallised at ep 237. Run _validate_skill() with eval_env to confirm.
    Success trajectories in P1: 69
  seed= 2 cryst_ep= 237 Qz=0.57 P3=+0.309 P2=-0.119
  ▶ Skill crystallised at ep 122. Run _validate_skill() with eval_env to confirm.
    Success trajectories in P1: 14
  seed= 3 cryst_ep= 122 Qz=0.33 P3=+0.221 P2=-0.148
  ▶ Skill crystallised at ep 127. Run _validate_skill() with eval_env to confirm.
    Success trajectories in P1: 17
  seed= 4 cryst_ep= 127 Qz=0.23 P3=+0.118 P2=+0.376
  ▶ Skill crystallised at ep 121. Run _validate_skill() with eval_env to confirm.
    Success trajectories in P1: 24
  seed= 5 cryst_ep= 121 Qz=0.13 P3=+1.308 P2=-0.158
  ▶ Skill crystallised at ep 149. Run _validate_skill() with eval_env to confirm.
    Success trajectories in P1: 22
  seed= 6 cryst_ep= 149 Qz=0.10 P3=+0.026 P2=-0.205
  ▶ Skill crystallised at ep 119. Run _validate_skill() with eval_env to confirm.
    Success trajectories in P1: 25
  seed= 7 cryst_ep= 119 Qz=0.33 P3=+0.288 P2=+0.398
  ▶ Skill crystallised at ep 246. Run _validate_skill() with eval_env to confirm.
    Success trajectories in P1: 83
  seed= 8 cryst_ep= 246 Qz=0.80 P3=+0.808 P2=-0.153
  ▶ Skill crystallised at ep 246. Run _validate_skill() with eval_env to confirm.
    Success trajectories in P1: 76
  seed= 9 cryst_ep= 246 Qz=0.73 P3=-0.180 P2=+0.034
  ▶ Skill crystallised at ep 143. Run _validate_skill() with eval_env to confirm.
    Success trajectories in P1: 28
  seed=10 cryst_ep= 143 Qz=0.37 P3=+1.211 P2=+0.396
  ▶ Skill crystallised at ep 193. Run _validate_skill() with eval_env to confirm.
    Success trajectories in P1: 37
  seed=11 cryst_ep= 193 Qz=0.23 P3=+0.127 P2=+0.324
  ▶ Skill crystallised at ep 152. Run _validate_skill() with eval_env to confirm.
    Success trajectories in P1: 23
  seed=12 cryst_ep= 152 Qz=0.30 P3=+0.234 P2=+0.110
  ▶ Skill crystallised at ep 172. Run _validate_skill() with eval_env to confirm.
    Success trajectories in P1: 33
  seed=13 cryst_ep= 172 Qz=0.50 P3=+1.468 P2=-0.136
  ▶ Skill crystallised at ep 172. Run _validate_skill() with eval_env to confirm.
    Success trajectories in P1: 51
  seed=14 cryst_ep= 172 Qz=0.63 P3=+1.370 P2=+0.104
  ▶ Skill crystallised at ep 151. Run _validate_skill() with eval_env to confirm.
    Success trajectories in P1: 32
  seed=15 cryst_ep= 151 Qz=0.50 P3=+0.304 P2=-0.264
  ▶ Skill crystallised at ep 209. Run _validate_skill() with eval_env to confirm.
    Success trajectories in P1: 45
  seed=16 cryst_ep= 209 Qz=0.57 P3=-0.164 P2=-0.031
  ▶ Skill crystallised at ep 186. Run _validate_skill() with eval_env to confirm.
    Success trajectories in P1: 47
  seed=17 cryst_ep= 186 Qz=0.50 P3=+0.877 P2=-0.009
  ▶ Skill crystallised at ep 118. Run _validate_skill() with eval_env to confirm.
    Success trajectories in P1: 3
  seed=18 cryst_ep= 118 Qz=0.27 P3=+0.086 P2=+0.395
  ▶ Skill crystallised at ep 131. Run _validate_skill() with eval_env to confirm.
    Success trajectories in P1: 35
  seed=19 cryst_ep= 131 Qz=0.30 P3=+0.881 P2=+0.399
  ▶ Skill crystallised at ep 216. Run _validate_skill() with eval_env to confirm.
    Success trajectories in P1: 55
  seed=20 cryst_ep= 216 Qz=0.77 P3=+0.796 P2=-0.178
  ▶ Skill crystallised at ep 196. Run _validate_skill() with eval_env to confirm.
    Success trajectories in P1: 39
  seed=21 cryst_ep= 196 Qz=0.33 P3=+0.196 P2=+0.058
  ▶ Skill crystallised at ep 100. Run _validate_skill() with eval_env to confirm.
    Success trajectories in P1: 16
  seed=22 cryst_ep= 100 Qz=0.13 P3=+0.304 P2=+0.395
  ▶ Skill crystallised at ep 240. Run _validate_skill() with eval_env to confirm.
    Success trajectories in P1: 76
  seed=23 cryst_ep= 240 Qz=0.70 P3=+0.132 P2=-0.111
  ▶ Skill crystallised at ep 190. Run _validate_skill() with eval_env to confirm.
    Success trajectories in P1: 27
  seed=24 cryst_ep= 190 Qz=0.30 P3=+0.797 P2=+0.214
  ▶ Skill crystallised at ep 216. Run _validate_skill() with eval_env to confirm.
    Success trajectories in P1: 75
  seed=25 cryst_ep= 216 Qz=0.53 P3=+0.447 P2=+0.032
  ▶ Skill crystallised at ep 209. Run _validate_skill() with eval_env to confirm.
    Success trajectories in P1: 36
  seed=26 cryst_ep= 209 Qz=0.47 P3=+0.056 P2=+0.385
  ▶ Skill crystallised at ep 183. Run _validate_skill() with eval_env to confirm.
    Success trajectories in P1: 51
  seed=27 cryst_ep= 183 Qz=0.43 P3=+0.453 P2=-0.180
  ▶ Skill crystallised at ep 108. Run _validate_skill() with eval_env to confirm.
    Success trajectories in P1: 20
  seed=28 cryst_ep= 108 Qz=0.30 P3=+1.036 P2=+0.197
  ▶ Skill crystallised at ep 203. Run _validate_skill() with eval_env to confirm.
    Success trajectories in P1: 53
  seed=29 cryst_ep= 203 Qz=0.63 P3=+1.056 P2=+0.272

── RandomUniform ──
  ▶ Skill crystallised at ep 257. Run _validate_skill() with eval_env to confirm.
    Success trajectories in P1: 70
  seed= 0 cryst_ep= 257 Qz=0.60 P3=+0.304 P2=-0.226
  ▶ Skill crystallised at ep 158. Run _validate_skill() with eval_env to confirm.
    Success trajectories in P1: 40
  seed= 1 cryst_ep= 158 Qz=0.50 P3=+0.701 P2=-0.155
  ▶ Skill crystallised at ep 279. Run _validate_skill() with eval_env to confirm.
    Success trajectories in P1: 93
  seed= 2 cryst_ep= 279 Qz=0.57 P3=+0.331 P2=-0.055
  ▶ Skill crystallised at ep 22. Run _validate_skill() with eval_env to confirm.
    Success trajectories in P1: 1
  seed= 3 cryst_ep=  22 Qz=0.03 P3=+0.080 P2=+0.370
  ▶ Skill crystallised at ep 283. Run _validate_skill() with eval_env to confirm.
    Success trajectories in P1: 87
  seed= 4 cryst_ep= 283 Qz=0.63 P3=+0.163 P2=-0.137
  ▶ Skill crystallised at ep 21. Run _validate_skill() with eval_env to confirm.
    Success trajectories in P1: 0
  seed= 5 cryst_ep=  21 Qz=0.10 P3=+0.038 P2=+0.398
  ▶ Skill crystallised at ep 247. Run _validate_skill() with eval_env to confirm.
    Success trajectories in P1: 68
  seed= 6 cryst_ep= 247 Qz=0.43 P3=+0.026 P2=-0.159
  ▶ Skill crystallised at ep 19. Run _validate_skill() with eval_env to confirm.
    Success trajectories in P1: 0
  seed= 7 cryst_ep=  19 Qz=0.03 P3=+0.689 P2=+0.398
  ▶ Skill crystallised at ep 146. Run _validate_skill() with eval_env to confirm.
    Success trajectories in P1: 38
  seed= 8 cryst_ep= 146 Qz=0.50 P3=+0.945 P2=+0.007
  ▶ Skill crystallised at ep 151. Run _validate_skill() with eval_env to confirm.
    Success trajectories in P1: 39
  seed= 9 cryst_ep= 151 Qz=0.50 P3=+0.797 P2=-0.138
  ▶ Skill crystallised at ep 299. Run _validate_skill() with eval_env to confirm.
    Success trajectories in P1: 84
  seed=10 cryst_ep= 299 Qz=0.00 P3=-0.003 P2=+0.398
  ▶ Skill crystallised at ep 93. Run _validate_skill() with eval_env to confirm.
    Success trajectories in P1: 12
  seed=11 cryst_ep=  93 Qz=0.17 P3=+0.038 P2=+0.398
  ▶ Skill crystallised at ep 199. Run _validate_skill() with eval_env to confirm.
    Success trajectories in P1: 33
  seed=12 cryst_ep= 199 Qz=0.20 P3=+0.748 P2=+0.132
  ▶ Skill crystallised at ep 229. Run _validate_skill() with eval_env to confirm.
    Success trajectories in P1: 59
  seed=13 cryst_ep= 229 Qz=0.57 P3=+0.364 P2=-0.361
  ▶ Skill crystallised at ep 72. Run _validate_skill() with eval_env to confirm.
    Success trajectories in P1: 11
  seed=14 cryst_ep=  72 Qz=0.20 P3=+0.841 P2=+0.398
  ▶ Skill crystallised at ep 43. Run _validate_skill() with eval_env to confirm.
    Success trajectories in P1: 5
  seed=15 cryst_ep=  43 Qz=0.13 P3=+0.175 P2=+0.322
  ▶ Skill crystallised at ep 195. Run _validate_skill() with eval_env to confirm.
    Success trajectories in P1: 40
  seed=16 cryst_ep= 195 Qz=0.60 P3=+0.034 P2=-0.086
  ▶ Skill crystallised at ep 86. Run _validate_skill() with eval_env to confirm.
    Success trajectories in P1: 19
  seed=17 cryst_ep=  86 Qz=0.20 P3=+1.260 P2=+0.406
  ▶ Skill crystallised at ep 18. Run _validate_skill() with eval_env to confirm.
    Success trajectories in P1: 0
  seed=18 cryst_ep=  18 Qz=0.17 P3=+0.165 P2=+0.279
  ▶ Skill crystallised at ep 166. Run _validate_skill() with eval_env to confirm.
    Success trajectories in P1: 51
  seed=19 cryst_ep= 166 Qz=0.33 P3=+0.742 P2=+0.387
  ▶ Skill crystallised at ep 154. Run _validate_skill() with eval_env to confirm.
    Success trajectories in P1: 31
  seed=20 cryst_ep= 154 Qz=0.17 P3=+0.101 P2=-0.356
  ▶ Skill crystallised at ep 96. Run _validate_skill() with eval_env to confirm.
    Success trajectories in P1: 10
  seed=21 cryst_ep=  96 Qz=0.43 P3=+0.265 P2=+0.222
  ▶ Skill crystallised at ep 175. Run _validate_skill() with eval_env to confirm.
    Success trajectories in P1: 30
  seed=22 cryst_ep= 175 Qz=0.33 P3=+1.109 P2=+0.078
  ▶ Skill crystallised at ep 286. Run _validate_skill() with eval_env to confirm.
    Success trajectories in P1: 111
  seed=23 cryst_ep= 286 Qz=0.83 P3=+1.025 P2=+0.304
  ▶ Skill crystallised at ep 226. Run _validate_skill() with eval_env to confirm.
    Success trajectories in P1: 41
  seed=24 cryst_ep= 226 Qz=0.67 P3=+0.572 P2=-0.133
  ▶ Skill crystallised at ep 116. Run _validate_skill() with eval_env to confirm.
    Success trajectories in P1: 23
  seed=25 cryst_ep= 116 Qz=0.47 P3=+1.029 P2=+0.140
  ▶ Skill crystallised at ep 109. Run _validate_skill() with eval_env to confirm.
    Success trajectories in P1: 6
  seed=26 cryst_ep= 109 Qz=0.20 P3=+0.082 P2=+0.398
  ▶ Skill crystallised at ep 252. Run _validate_skill() with eval_env to confirm.
    Success trajectories in P1: 81
  seed=27 cryst_ep= 252 Qz=0.53 P3=+0.579 P2=-0.049
  ▶ Skill crystallised at ep 215. Run _validate_skill() with eval_env to confirm.
    Success trajectories in P1: 49
  seed=28 cryst_ep= 215 Qz=0.43 P3=+0.513 P2=-0.139
  ▶ Skill crystallised at ep 70. Run _validate_skill() with eval_env to confirm.
    Success trajectories in P1: 8
  seed=29 cryst_ep=  70 Qz=0.20 P3=+0.091 P2=-0.120

── NoSkill ──
  ▶ Skill crystallised at ep 217. Run _validate_skill() with eval_env to confirm.
    Success trajectories in P1: 52
  seed= 0 cryst_ep= 217 Qz=0.40 P3=+1.141 P2=+0.412
  ▶ Skill crystallised at ep 206. Run _validate_skill() with eval_env to confirm.
    Success trajectories in P1: 70
  seed= 1 cryst_ep= 206 Qz=0.67 P3=+1.435 P2=+0.388
  ▶ Skill crystallised at ep 234. Run _validate_skill() with eval_env to confirm.
    Success trajectories in P1: 67
  seed= 2 cryst_ep= 234 Qz=0.57 P3=+1.227 P2=+0.224
  ▶ Skill crystallised at ep 176. Run _validate_skill() with eval_env to confirm.
    Success trajectories in P1: 37
  seed= 3 cryst_ep= 176 Qz=0.43 P3=+1.146 P2=+0.417
  ▶ Skill crystallised at ep 227. Run _validate_skill() with eval_env to confirm.
    Success trajectories in P1: 56
  seed= 4 cryst_ep= 227 Qz=0.40 P3=+0.822 P2=+0.388
  ▶ Skill crystallised at ep 183. Run _validate_skill() with eval_env to confirm.
    Success trajectories in P1: 45
  seed= 5 cryst_ep= 183 Qz=0.53 P3=+0.441 P2=+0.137
  ▶ Skill crystallised at ep 185. Run _validate_skill() with eval_env to confirm.
    Success trajectories in P1: 39
  seed= 6 cryst_ep= 185 Qz=0.27 P3=+1.105 P2=+0.226
  ▶ Skill crystallised at ep 490. Run _validate_skill() with eval_env to confirm.
    Success trajectories in P1: 107
  seed= 7 cryst_ep= 490 Qz=0.57 P3=+0.937 P2=+0.356
  ▶ Skill crystallised at ep 123. Run _validate_skill() with eval_env to confirm.
    Success trajectories in P1: 25
  seed= 8 cryst_ep= 123 Qz=0.40 P3=+1.004 P2=+0.289
  ▶ Skill crystallised at ep 273. Run _validate_skill() with eval_env to confirm.
    Success trajectories in P1: 92
  seed= 9 cryst_ep= 273 Qz=0.70 P3=+1.048 P2=+0.425
  ▶ Skill crystallised at ep 222. Run _validate_skill() with eval_env to confirm.
    Success trajectories in P1: 61
  seed=10 cryst_ep= 222 Qz=0.63 P3=+1.067 P2=+0.312
  ▶ Skill crystallised at ep 256. Run _validate_skill() with eval_env to confirm.
    Success trajectories in P1: 71
  seed=11 cryst_ep= 256 Qz=0.47 P3=+0.610 P2=+0.374
  ▶ Skill crystallised at ep 222. Run _validate_skill() with eval_env to confirm.
    Success trajectories in P1: 42
  seed=12 cryst_ep= 222 Qz=0.33 P3=+0.968 P2=+0.261
  ▶ Skill crystallised at ep 197. Run _validate_skill() with eval_env to confirm.
    Success trajectories in P1: 43
  seed=13 cryst_ep= 197 Qz=0.63 P3=+0.914 P2=+0.298
  ▶ Skill crystallised at ep 206. Run _validate_skill() with eval_env to confirm.
    Success trajectories in P1: 66
  seed=14 cryst_ep= 206 Qz=0.57 P3=+0.911 P2=+0.251
  ▶ Skill crystallised at ep 252. Run _validate_skill() with eval_env to confirm.
    Success trajectories in P1: 82
  seed=15 cryst_ep= 252 Qz=0.47 P3=+0.947 P2=+0.306
  ▶ Skill crystallised at ep 212. Run _validate_skill() with eval_env to confirm.
    Success trajectories in P1: 46
  seed=16 cryst_ep= 212 Qz=0.70 P3=+0.403 P2=+0.370
  ▶ Skill crystallised at ep 246. Run _validate_skill() with eval_env to confirm.
    Success trajectories in P1: 77
  seed=17 cryst_ep= 246 Qz=0.53 P3=+0.899 P2=+0.267
  ▶ Skill crystallised at ep 266. Run _validate_skill() with eval_env to confirm.
    Success trajectories in P1: 72
  seed=18 cryst_ep= 266 Qz=0.57 P3=+0.830 P2=+0.421
  ▶ Skill crystallised at ep 289. Run _validate_skill() with eval_env to confirm.
    Success trajectories in P1: 113
  seed=19 cryst_ep= 289 Qz=0.63 P3=+1.159 P2=+0.288
  ▶ Skill crystallised at ep 218. Run _validate_skill() with eval_env to confirm.
    Success trajectories in P1: 56
  seed=20 cryst_ep= 218 Qz=0.50 P3=+1.303 P2=+0.327
  ▶ Skill crystallised at ep 472. Run _validate_skill() with eval_env to confirm.
    Success trajectories in P1: 99
  seed=21 cryst_ep= 472 Qz=0.67 P3=+0.597 P2=+0.371
  ▶ Skill crystallised at ep 213. Run _validate_skill() with eval_env to confirm.
    Success trajectories in P1: 51
  seed=22 cryst_ep= 213 Qz=0.57 P3=+1.085 P2=+0.382
  ▶ Skill crystallised at ep 263. Run _validate_skill() with eval_env to confirm.
    Success trajectories in P1: 95
  seed=23 cryst_ep= 263 Qz=0.60 P3=+0.797 P2=+0.400
  ▶ Skill crystallised at ep 218. Run _validate_skill() with eval_env to confirm.
    Success trajectories in P1: 37
  seed=24 cryst_ep= 218 Qz=0.60 P3=+1.094 P2=+0.360
  ▶ Skill crystallised at ep 237. Run _validate_skill() with eval_env to confirm.
    Success trajectories in P1: 91
  seed=25 cryst_ep= 237 Qz=0.63 P3=+1.097 P2=+0.324
  ▶ Skill crystallised at ep 270. Run _validate_skill() with eval_env to confirm.
    Success trajectories in P1: 69
  seed=26 cryst_ep= 270 Qz=0.50 P3=+1.105 P2=+0.341
  ▶ Skill crystallised at ep 489. Run _validate_skill() with eval_env to confirm.
    Success trajectories in P1: 136
  seed=27 cryst_ep= 489 Qz=0.77 P3=+0.731 P2=+0.391
  ▶ Skill crystallised at ep 266. Run _validate_skill() with eval_env to confirm.
    Success trajectories in P1: 74
  seed=28 cryst_ep= 266 Qz=0.60 P3=+1.198 P2=+0.292
  ▶ Skill crystallised at ep 156. Run _validate_skill() with eval_env to confirm.
    Success trajectories in P1: 33
  seed=29 cryst_ep= 156 Qz=0.53 P3=+1.262 P2=+0.235

==================================================================================
  P2/HARDER-ENV RESULTS (N=30, seeded, app=0.3, env=2D-shift)
==================================================================================
  Arm                  Qz       P3 early        P2 late   cryst_ep
  BOCPD             0.284    0.606±0.08    0.172±0.04      118.0
  Heuristic         0.558    0.700±0.08    0.022±0.04      249.5
  RandomLate        0.432    0.533±0.09    0.094±0.04      173.1
  RandomUniform     0.358    0.460±0.07    0.097±0.05      156.1
  NoSkill           0.548    0.976±0.04    0.328±0.01      249.5

  ──────────────────────────────────────────────────────────────────────────────
  COMPARISONS (paired Wilcoxon, Hedges g, bootstrap CI, BH-FDR)
  ──────────────────────────────────────────────────────────────────────────────
  PRIMARY  Qz  BOCPD>RandLate     0.284 vs  0.432  g=-0.82 CI[-0.22,-0.07] p=1.000 (FDR 1.000)
  2ndary   P3  BOCPD>RandLate     0.606 vs  0.533  g=+0.16 CI[-0.13,+0.28] p=0.292 (FDR 0.876)
  ctx      Qz  Heur >RandLate     0.558 vs  0.432  g=+0.69 CI[+0.04,+0.20] p=0.002 (FDR 0.013)
  ctrl     Qz  BOCPD>RandUnif     0.284 vs  0.358  g=-0.38 CI[-0.15,-0.00] p=0.939 (FDR 1.000)
  sanity   P3  BOCPD>NoSkill      0.606 vs  0.976  g=-1.02 CI[-0.54,-0.20] p=1.000 (FDR 1.000)
  sanity   P3  RandLate>NoSkill   0.533 vs  0.976  g=-1.17 CI[-0.61,-0.27] p=1.000 (FDR 1.000)

  ──────────────────────────────────────────────────────────────────────────────
  PRE-REGISTERED VERDICT (BOCPD vs RandomLate, Qz)
  ──────────────────────────────────────────────────────────────────────────────
  BOCPD 0.284 vs RandomLate 0.432  g=-0.82  p(>)=1.000  p(reverse)=0.000  → H1 FALSIFIED

  Saved results/p2_harder.pkl
